[debug] [2018-11-14T08:18:08.250Z] ----------------------------------------------------------------------
[debug] [2018-11-14T08:18:08.252Z] Command:       /usr/local/Cellar/node/10.1.0/bin/node /usr/local/bin/firebase serve --only functions
[debug] [2018-11-14T08:18:08.252Z] CLI Version:   6.0.0
[debug] [2018-11-14T08:18:08.252Z] Platform:      darwin
[debug] [2018-11-14T08:18:08.253Z] Node Version:  v10.1.0
[debug] [2018-11-14T08:18:08.253Z] Time:          Wed Nov 14 2018 15:18:08 GMT+0700 (+07)
[debug] [2018-11-14T08:18:08.253Z] ----------------------------------------------------------------------
[debug] 
[debug] [2018-11-14T08:18:08.269Z] > command requires scopes: ["email","openid","https://www.googleapis.com/auth/cloudplatformprojects.readonly","https://www.googleapis.com/auth/firebase","https://www.googleapis.com/auth/cloud-platform"]
[debug] [2018-11-14T08:18:08.270Z] > authorizing via signed-in user
[debug] [2018-11-14T08:18:08.270Z] [iam] checking project nhavaxe-publish for permissions ["firebase.projects.get"]
[debug] [2018-11-14T08:18:08.272Z] > refreshing access token with scopes: ["email","https://www.googleapis.com/auth/cloud-platform","https://www.googleapis.com/auth/cloudplatformprojects.readonly","https://www.googleapis.com/auth/firebase","openid"]
[debug] [2018-11-14T08:18:08.273Z] >>> HTTP REQUEST POST https://www.googleapis.com/oauth2/v3/token  
 <request body omitted>
[debug] [2018-11-14T08:18:08.574Z] <<< HTTP RESPONSE 200
[debug] [2018-11-14T08:18:08.584Z] >>> HTTP REQUEST POST https://cloudresourcemanager.googleapis.com/v1/projects/nhavaxe-publish:testIamPermissions  

[debug] [2018-11-14T08:18:09.905Z] <<< HTTP RESPONSE 200
[debug] [2018-11-14T08:18:09.908Z] >>> HTTP REQUEST GET https://cloudresourcemanager.googleapis.com/v1/projects/nhavaxe-publish  
 
[debug] [2018-11-14T08:18:11.041Z] <<< HTTP RESPONSE 200
[info] 
[info] === Serving from '/Users/quangtran/Documents/nhavaxe-frontend'...
[info] 
[info] i  functions: Preparing to emulate functions.
[debug] [2018-11-14T08:18:11.868Z] Fetching environment
[debug] [2018-11-14T08:18:11.871Z] >>> HTTP REQUEST GET https://mobilesdk-pa.googleapis.com/v1/projects/773431874413:getServerAppConfig  
 
[debug] [2018-11-14T08:18:12.458Z] <<< HTTP RESPONSE 200
[debug] [2018-11-14T08:18:12.459Z] Starting @google-cloud/functions-emulator
[debug] [2018-11-14T08:18:14.009Z] Parsing function triggers
[info] ✔  functions: sitemap: http://localhost:5000/nhavaxe-publish/us-central1/sitemap
[info] ✔  functions: api: http://localhost:5000/nhavaxe-publish/us-central1/api
[info] ✔  functions: ssr: http://localhost:5000/nhavaxe-publish/us-central1/ssr
